<?xml version="1.0" encoding="UTF-8"?>
<!-- Generated by org.testng.reporters.JUnitReportReporter -->
<testsuite hostname="Sampats-MacBook-Pro.local" failures="0" tests="1" name="testCases.Login_TestDDT" time="0.000" errors="0" timestamp="2022-08-16T18:29:09 IST" skipped="1">
  <testcase classname="testCases.Login_TestDDT" name="loginTestDDT" time="0.000">
    <skipped/>
  </testcase> <!-- loginTestDDT -->
  <system-out/>
</testsuite> <!-- testCases.Login_TestDDT -->
